# project  configured on Mon Mar 16 17:25:49 2015 by
# waf 1.7.11 (abi 98, python 20709f0 on darwin)
# using /usr/local/Cellar/pebble-sdk/3.0-dp2/libexec/Pebble/waf configure build
#
----------------------------------------
Setting top to
/Users/shepard/Documents/Developer/Pebble/isometric
----------------------------------------
Setting out to
/Users/shepard/Documents/Developer/Pebble/isometric/build
----------------------------------------
Found Pebble SDK for aplite in:
/usr/local/Cellar/pebble-sdk/3.0-dp2/libexec/Pebble/aplite
----------------------------------------
Checking for program gcc,cc
arm-none-eabi-gcc
find program=['gcc', 'cc'] paths='' var='CC' -> 'arm-none-eabi-gcc'
----------------------------------------
Checking for program ar
arm-none-eabi-ar
find program=['ar'] paths='' var='AR' -> 'arm-none-eabi-ar'
----------------------------------------
Found Pebble SDK for basalt in:
/usr/local/Cellar/pebble-sdk/3.0-dp2/libexec/Pebble/basalt
----------------------------------------
Checking for program gcc,cc
arm-none-eabi-gcc
find program=['gcc', 'cc'] paths='' var='CC' -> 'arm-none-eabi-gcc'
----------------------------------------
Checking for program ar
arm-none-eabi-ar
find program=['ar'] paths='' var='AR' -> 'arm-none-eabi-ar'
